\BOOKMARK [0][-]{chapter.1}{\376\377\0001\000\040\000\315\000n\000d\000i\000c\000e\000\040\000d\000e\000\040\000e\000s\000p\000a\000c\000i\000o\000s\000\040\000d\000e\000\040\000n\000o\000m\000b\000r\000e\000s}{}% 1
\BOOKMARK [1][-]{section.1.1}{\376\377\0001\000.\0001\000\040\000L\000i\000s\000t\000a\000\040\000d\000e\000\040\000e\000s\000p\000a\000c\000i\000o\000s\000\040\000d\000e\000\040\000n\000o\000m\000b\000r\000e\000s}{chapter.1}% 2
\BOOKMARK [0][-]{chapter.2}{\376\377\0002\000\040\000\315\000n\000d\000i\000c\000e\000\040\000d\000e\000\040\000c\000l\000a\000s\000e\000s}{}% 3
\BOOKMARK [1][-]{section.2.1}{\376\377\0002\000.\0001\000\040\000L\000i\000s\000t\000a\000\040\000d\000e\000\040\000c\000l\000a\000s\000e\000s}{chapter.2}% 4
\BOOKMARK [0][-]{chapter.3}{\376\377\0003\000\040\000\315\000n\000d\000i\000c\000e\000\040\000d\000e\000\040\000a\000r\000c\000h\000i\000v\000o\000s}{}% 5
\BOOKMARK [1][-]{section.3.1}{\376\377\0003\000.\0001\000\040\000L\000i\000s\000t\000a\000\040\000d\000e\000\040\000a\000r\000c\000h\000i\000v\000o\000s}{chapter.3}% 6
\BOOKMARK [0][-]{chapter.4}{\376\377\0004\000\040\000D\000o\000c\000u\000m\000e\000n\000t\000a\000c\000i\000\363\000n\000\040\000d\000e\000\040\000e\000s\000p\000a\000c\000i\000o\000s\000\040\000d\000e\000\040\000n\000o\000m\000b\000r\000e\000s}{}% 7
\BOOKMARK [1][-]{section.4.1}{\376\377\0004\000.\0001\000\040\000R\000e\000f\000e\000r\000e\000n\000c\000i\000a\000\040\000d\000e\000l\000\040\000e\000s\000p\000a\000c\000i\000o\000\040\000d\000e\000\040\000n\000o\000m\000b\000r\000e\000s\000\040\000G\000l\000o\000b\000a\000l\000e\000s}{chapter.4}% 8
\BOOKMARK [2][-]{subsection.4.1.1}{\376\377\0004\000.\0001\000.\0001\000\040\000D\000o\000c\000u\000m\000e\000n\000t\000a\000c\000i\000\363\000n\000\040\000d\000e\000\040\000v\000a\000r\000i\000a\000b\000l\000e\000s}{section.4.1}% 9
\BOOKMARK [3][-]{subsubsection.4.1.1.1}{\376\377\0004\000.\0001\000.\0001\000.\0001\000\040\000e\000l\000L\000E\000D}{subsection.4.1.1}% 10
\BOOKMARK [3][-]{subsubsection.4.1.1.2}{\376\377\0004\000.\0001\000.\0001\000.\0002\000\040\000e\000l\000M\000e\000d\000i\000d\000o\000r}{subsection.4.1.1}% 11
\BOOKMARK [3][-]{subsubsection.4.1.1.3}{\376\377\0004\000.\0001\000.\0001\000.\0003\000\040\000e\000l\000P\000u\000b\000l\000i\000c\000a\000d\000o\000r}{subsection.4.1.1}% 12
\BOOKMARK [3][-]{subsubsection.4.1.1.4}{\376\377\0004\000.\0001\000.\0001\000.\0004\000\040\000e\000l\000P\000u\000e\000r\000t\000o}{subsection.4.1.1}% 13
\BOOKMARK [1][-]{section.4.2}{\376\377\0004\000.\0002\000\040\000R\000e\000f\000e\000r\000e\000n\000c\000i\000a\000\040\000d\000e\000l\000\040\000e\000s\000p\000a\000c\000i\000o\000\040\000d\000e\000\040\000n\000o\000m\000b\000r\000e\000s\000\040\000L\000o\000o\000p}{chapter.4}% 14
\BOOKMARK [2][-]{subsection.4.2.1}{\376\377\0004\000.\0002\000.\0001\000\040\000D\000o\000c\000u\000m\000e\000n\000t\000a\000c\000i\000\363\000n\000\040\000d\000e\000\040\000v\000a\000r\000i\000a\000b\000l\000e\000s}{section.4.2}% 15
\BOOKMARK [3][-]{subsubsection.4.2.1.1}{\376\377\0004\000.\0002\000.\0001\000.\0001\000\040\000c\000o\000n\000t}{subsection.4.2.1}% 16
\BOOKMARK [0][-]{chapter.5}{\376\377\0005\000\040\000D\000o\000c\000u\000m\000e\000n\000t\000a\000c\000i\000\363\000n\000\040\000d\000e\000\040\000c\000l\000a\000s\000e\000s}{}% 17
\BOOKMARK [1][-]{section.5.1}{\376\377\0005\000.\0001\000\040\000R\000e\000f\000e\000r\000e\000n\000c\000i\000a\000\040\000d\000e\000\040\000l\000a\000\040\000c\000l\000a\000s\000e\000\040\000E\000m\000i\000s\000o\000r\000a\000B\000L\000E}{chapter.5}% 18
\BOOKMARK [2][-]{subsection.5.1.1}{\376\377\0005\000.\0001\000.\0001\000\040\000D\000e\000s\000c\000r\000i\000p\000c\000i\000\363\000n\000\040\000d\000e\000t\000a\000l\000l\000a\000d\000a}{section.5.1}% 19
\BOOKMARK [2][-]{subsection.5.1.2}{\376\377\0005\000.\0001\000.\0002\000\040\000D\000o\000c\000u\000m\000e\000n\000t\000a\000c\000i\000\363\000n\000\040\000d\000e\000\040\000l\000o\000s\000\040\000\253\000T\000y\000p\000e\000d\000e\000f\000\273\000\040\000m\000i\000e\000m\000b\000r\000o\000s\000\040\000d\000e\000\040\000l\000a\000\040\000c\000l\000a\000s\000e}{section.5.1}% 20
\BOOKMARK [3][-]{subsubsection.5.1.2.1}{\376\377\0005\000.\0001\000.\0002\000.\0001\000\040\000C\000a\000l\000l\000b\000a\000c\000k\000C\000o\000n\000e\000x\000i\000o\000n\000E\000s\000t\000a\000b\000l\000e\000c\000i\000d\000a}{subsection.5.1.2}% 21
\BOOKMARK [3][-]{subsubsection.5.1.2.2}{\376\377\0005\000.\0001\000.\0002\000.\0002\000\040\000C\000a\000l\000l\000b\000a\000c\000k\000C\000o\000n\000e\000x\000i\000o\000n\000T\000e\000r\000m\000i\000n\000a\000d\000a}{subsection.5.1.2}% 22
\BOOKMARK [2][-]{subsection.5.1.3}{\376\377\0005\000.\0001\000.\0003\000\040\000D\000o\000c\000u\000m\000e\000n\000t\000a\000c\000i\000\363\000n\000\040\000d\000e\000\040\000c\000o\000n\000s\000t\000r\000u\000c\000t\000o\000r\000e\000s\000\040\000y\000\040\000d\000e\000s\000t\000r\000u\000c\000t\000o\000r\000e\000s}{section.5.1}% 23
\BOOKMARK [3][-]{subsubsection.5.1.3.1}{\376\377\0005\000.\0001\000.\0003\000.\0001\000\040\000E\000m\000i\000s\000o\000r\000a\000B\000L\000E\000\050\000\051}{subsection.5.1.3}% 24
\BOOKMARK [2][-]{subsection.5.1.4}{\376\377\0005\000.\0001\000.\0004\000\040\000D\000o\000c\000u\000m\000e\000n\000t\000a\000c\000i\000\363\000n\000\040\000d\000e\000\040\000f\000u\000n\000c\000i\000o\000n\000e\000s\000\040\000m\000i\000e\000m\000b\000r\000o}{section.5.1}% 25
\BOOKMARK [3][-]{subsubsection.5.1.4.1}{\376\377\0005\000.\0001\000.\0004\000.\0001\000\040\000d\000e\000t\000e\000n\000e\000r\000A\000n\000u\000n\000c\000i\000o\000\050\000\051}{subsection.5.1.4}% 26
\BOOKMARK [3][-]{subsubsection.5.1.4.2}{\376\377\0005\000.\0001\000.\0004\000.\0002\000\040\000e\000m\000i\000t\000i\000r\000A\000n\000u\000n\000c\000i\000o\000I\000B\000e\000a\000c\000o\000n\000\050\000\051}{subsection.5.1.4}% 27
\BOOKMARK [3][-]{subsubsection.5.1.4.3}{\376\377\0005\000.\0001\000.\0004\000.\0003\000\040\000e\000m\000i\000t\000i\000r\000A\000n\000u\000n\000c\000i\000o\000I\000B\000e\000a\000c\000o\000n\000L\000i\000b\000r\000e\000\050\000\051}{subsection.5.1.4}% 28
\BOOKMARK [3][-]{subsubsection.5.1.4.4}{\376\377\0005\000.\0001\000.\0004\000.\0004\000\040\000e\000n\000c\000e\000n\000d\000e\000r\000E\000m\000i\000s\000o\000r\000a\000\050\000\051\000\040\000[\0001\000/\0002\000]}{subsection.5.1.4}% 29
\BOOKMARK [3][-]{subsubsection.5.1.4.5}{\376\377\0005\000.\0001\000.\0004\000.\0005\000\040\000e\000n\000c\000e\000n\000d\000e\000r\000E\000m\000i\000s\000o\000r\000a\000\050\000\051\000\040\000[\0002\000/\0002\000]}{subsection.5.1.4}% 30
\BOOKMARK [3][-]{subsubsection.5.1.4.6}{\376\377\0005\000.\0001\000.\0004\000.\0006\000\040\000e\000s\000t\000a\000A\000n\000u\000n\000c\000i\000a\000n\000d\000o\000\050\000\051}{subsection.5.1.4}% 31
\BOOKMARK [3][-]{subsubsection.5.1.4.7}{\376\377\0005\000.\0001\000.\0004\000.\0007\000\040\000i\000n\000s\000t\000a\000l\000a\000r\000C\000a\000l\000l\000b\000a\000c\000k\000C\000o\000n\000e\000x\000i\000o\000n\000E\000s\000t\000a\000b\000l\000e\000c\000i\000d\000a\000\050\000\051}{subsection.5.1.4}% 32
\BOOKMARK [3][-]{subsubsection.5.1.4.8}{\376\377\0005\000.\0001\000.\0004\000.\0008\000\040\000i\000n\000s\000t\000a\000l\000a\000r\000C\000a\000l\000l\000b\000a\000c\000k\000C\000o\000n\000e\000x\000i\000o\000n\000T\000e\000r\000m\000i\000n\000a\000d\000a\000\050\000\051}{subsection.5.1.4}% 33
\BOOKMARK [2][-]{subsection.5.1.5}{\376\377\0005\000.\0001\000.\0005\000\040\000D\000o\000c\000u\000m\000e\000n\000t\000a\000c\000i\000\363\000n\000\040\000d\000e\000\040\000d\000a\000t\000o\000s\000\040\000m\000i\000e\000m\000b\000r\000o}{section.5.1}% 34
\BOOKMARK [3][-]{subsubsection.5.1.5.1}{\376\377\0005\000.\0001\000.\0005\000.\0001\000\040\000f\000a\000b\000r\000i\000c\000a\000n\000t\000e\000I\000D}{subsection.5.1.5}% 35
\BOOKMARK [3][-]{subsubsection.5.1.5.2}{\376\377\0005\000.\0001\000.\0005\000.\0002\000\040\000n\000o\000m\000b\000r\000e\000E\000m\000i\000s\000o\000r\000a}{subsection.5.1.5}% 36
\BOOKMARK [3][-]{subsubsection.5.1.5.3}{\376\377\0005\000.\0001\000.\0005\000.\0003\000\040\000t\000x\000P\000o\000w\000e\000r}{subsection.5.1.5}% 37
\BOOKMARK [1][-]{section.5.2}{\376\377\0005\000.\0002\000\040\000R\000e\000f\000e\000r\000e\000n\000c\000i\000a\000\040\000d\000e\000\040\000l\000a\000\040\000c\000l\000a\000s\000e\000\040\000L\000E\000D}{chapter.5}% 38
\BOOKMARK [2][-]{subsection.5.2.1}{\376\377\0005\000.\0002\000.\0001\000\040\000D\000e\000s\000c\000r\000i\000p\000c\000i\000\363\000n\000\040\000d\000e\000t\000a\000l\000l\000a\000d\000a}{section.5.2}% 39
\BOOKMARK [2][-]{subsection.5.2.2}{\376\377\0005\000.\0002\000.\0002\000\040\000D\000o\000c\000u\000m\000e\000n\000t\000a\000c\000i\000\363\000n\000\040\000d\000e\000\040\000c\000o\000n\000s\000t\000r\000u\000c\000t\000o\000r\000e\000s\000\040\000y\000\040\000d\000e\000s\000t\000r\000u\000c\000t\000o\000r\000e\000s}{section.5.2}% 40
\BOOKMARK [3][-]{subsubsection.5.2.2.1}{\376\377\0005\000.\0002\000.\0002\000.\0001\000\040\000L\000E\000D\000\050\000\051}{subsection.5.2.2}% 41
\BOOKMARK [2][-]{subsection.5.2.3}{\376\377\0005\000.\0002\000.\0003\000\040\000D\000o\000c\000u\000m\000e\000n\000t\000a\000c\000i\000\363\000n\000\040\000d\000e\000\040\000f\000u\000n\000c\000i\000o\000n\000e\000s\000\040\000m\000i\000e\000m\000b\000r\000o}{section.5.2}% 42
\BOOKMARK [3][-]{subsubsection.5.2.3.1}{\376\377\0005\000.\0002\000.\0003\000.\0001\000\040\000a\000l\000t\000e\000r\000n\000a\000r\000\050\000\051}{subsection.5.2.3}% 43
\BOOKMARK [3][-]{subsubsection.5.2.3.2}{\376\377\0005\000.\0002\000.\0003\000.\0002\000\040\000a\000p\000a\000g\000a\000r\000\050\000\051}{subsection.5.2.3}% 44
\BOOKMARK [3][-]{subsubsection.5.2.3.3}{\376\377\0005\000.\0002\000.\0003\000.\0003\000\040\000b\000r\000i\000l\000l\000a\000r\000\050\000\051}{subsection.5.2.3}% 45
\BOOKMARK [3][-]{subsubsection.5.2.3.4}{\376\377\0005\000.\0002\000.\0003\000.\0004\000\040\000e\000n\000c\000e\000n\000d\000e\000r\000\050\000\051}{subsection.5.2.3}% 46
\BOOKMARK [2][-]{subsection.5.2.4}{\376\377\0005\000.\0002\000.\0004\000\040\000D\000o\000c\000u\000m\000e\000n\000t\000a\000c\000i\000\363\000n\000\040\000d\000e\000\040\000d\000a\000t\000o\000s\000\040\000m\000i\000e\000m\000b\000r\000o}{section.5.2}% 47
\BOOKMARK [3][-]{subsubsection.5.2.4.1}{\376\377\0005\000.\0002\000.\0004\000.\0001\000\040\000e\000n\000c\000e\000n\000d\000i\000d\000o}{subsection.5.2.4}% 48
\BOOKMARK [3][-]{subsubsection.5.2.4.2}{\376\377\0005\000.\0002\000.\0004\000.\0002\000\040\000n\000u\000m\000e\000r\000o\000L\000E\000D}{subsection.5.2.4}% 49
\BOOKMARK [1][-]{section.5.3}{\376\377\0005\000.\0003\000\040\000R\000e\000f\000e\000r\000e\000n\000c\000i\000a\000\040\000d\000e\000\040\000l\000a\000\040\000c\000l\000a\000s\000e\000\040\000M\000e\000d\000i\000d\000o\000r}{chapter.5}% 50
\BOOKMARK [2][-]{subsection.5.3.1}{\376\377\0005\000.\0003\000.\0001\000\040\000D\000e\000s\000c\000r\000i\000p\000c\000i\000\363\000n\000\040\000d\000e\000t\000a\000l\000l\000a\000d\000a}{section.5.3}% 51
\BOOKMARK [2][-]{subsection.5.3.2}{\376\377\0005\000.\0003\000.\0002\000\040\000D\000o\000c\000u\000m\000e\000n\000t\000a\000c\000i\000\363\000n\000\040\000d\000e\000\040\000c\000o\000n\000s\000t\000r\000u\000c\000t\000o\000r\000e\000s\000\040\000y\000\040\000d\000e\000s\000t\000r\000u\000c\000t\000o\000r\000e\000s}{section.5.3}% 52
\BOOKMARK [3][-]{subsubsection.5.3.2.1}{\376\377\0005\000.\0003\000.\0002\000.\0001\000\040\000M\000e\000d\000i\000d\000o\000r\000\050\000\051}{subsection.5.3.2}% 53
\BOOKMARK [2][-]{subsection.5.3.3}{\376\377\0005\000.\0003\000.\0003\000\040\000D\000o\000c\000u\000m\000e\000n\000t\000a\000c\000i\000\363\000n\000\040\000d\000e\000\040\000f\000u\000n\000c\000i\000o\000n\000e\000s\000\040\000m\000i\000e\000m\000b\000r\000o}{section.5.3}% 54
\BOOKMARK [3][-]{subsubsection.5.3.3.1}{\376\377\0005\000.\0003\000.\0003\000.\0001\000\040\000i\000n\000i\000c\000i\000a\000r\000M\000e\000d\000i\000d\000o\000r\000\050\000\051}{subsection.5.3.3}% 55
\BOOKMARK [3][-]{subsubsection.5.3.3.2}{\376\377\0005\000.\0003\000.\0003\000.\0002\000\040\000m\000e\000d\000i\000r\000C\000O\0002\000\050\000\051}{subsection.5.3.3}% 56
\BOOKMARK [3][-]{subsubsection.5.3.3.3}{\376\377\0005\000.\0003\000.\0003\000.\0003\000\040\000m\000e\000d\000i\000r\000T\000e\000m\000p\000e\000r\000a\000t\000u\000r\000a\000\050\000\051}{subsection.5.3.3}% 57
\BOOKMARK [1][-]{section.5.4}{\376\377\0005\000.\0004\000\040\000R\000e\000f\000e\000r\000e\000n\000c\000i\000a\000\040\000d\000e\000\040\000l\000a\000\040\000c\000l\000a\000s\000e\000\040\000P\000u\000b\000l\000i\000c\000a\000d\000o\000r}{chapter.5}% 58
\BOOKMARK [2][-]{subsection.5.4.1}{\376\377\0005\000.\0004\000.\0001\000\040\000D\000e\000s\000c\000r\000i\000p\000c\000i\000\363\000n\000\040\000d\000e\000t\000a\000l\000l\000a\000d\000a}{section.5.4}% 59
\BOOKMARK [2][-]{subsection.5.4.2}{\376\377\0005\000.\0004\000.\0002\000\040\000D\000o\000c\000u\000m\000e\000n\000t\000a\000c\000i\000\363\000n\000\040\000d\000e\000\040\000l\000a\000s\000\040\000e\000n\000u\000m\000e\000r\000a\000c\000i\000o\000n\000e\000s\000\040\000m\000i\000e\000m\000b\000r\000o\000\040\000d\000e\000\040\000l\000a\000\040\000c\000l\000a\000s\000e}{section.5.4}% 60
\BOOKMARK [3][-]{subsubsection.5.4.2.1}{\376\377\0005\000.\0004\000.\0002\000.\0001\000\040\000M\000e\000d\000i\000c\000i\000o\000n\000e\000s\000I\000D}{subsection.5.4.2}% 61
\BOOKMARK [2][-]{subsection.5.4.3}{\376\377\0005\000.\0004\000.\0003\000\040\000D\000o\000c\000u\000m\000e\000n\000t\000a\000c\000i\000\363\000n\000\040\000d\000e\000\040\000c\000o\000n\000s\000t\000r\000u\000c\000t\000o\000r\000e\000s\000\040\000y\000\040\000d\000e\000s\000t\000r\000u\000c\000t\000o\000r\000e\000s}{section.5.4}% 62
\BOOKMARK [3][-]{subsubsection.5.4.3.1}{\376\377\0005\000.\0004\000.\0003\000.\0001\000\040\000P\000u\000b\000l\000i\000c\000a\000d\000o\000r\000\050\000\051}{subsection.5.4.3}% 63
\BOOKMARK [2][-]{subsection.5.4.4}{\376\377\0005\000.\0004\000.\0004\000\040\000D\000o\000c\000u\000m\000e\000n\000t\000a\000c\000i\000\363\000n\000\040\000d\000e\000\040\000f\000u\000n\000c\000i\000o\000n\000e\000s\000\040\000m\000i\000e\000m\000b\000r\000o}{section.5.4}% 64
\BOOKMARK [3][-]{subsubsection.5.4.4.1}{\376\377\0005\000.\0004\000.\0004\000.\0001\000\040\000e\000n\000c\000e\000n\000d\000e\000r\000E\000m\000i\000s\000o\000r\000a\000\050\000\051}{subsection.5.4.4}% 65
\BOOKMARK [3][-]{subsubsection.5.4.4.2}{\376\377\0005\000.\0004\000.\0004\000.\0002\000\040\000p\000u\000b\000l\000i\000c\000a\000r\000C\000O\0002\000\050\000\051}{subsection.5.4.4}% 66
\BOOKMARK [3][-]{subsubsection.5.4.4.3}{\376\377\0005\000.\0004\000.\0004\000.\0003\000\040\000p\000u\000b\000l\000i\000c\000a\000r\000T\000e\000m\000p\000e\000r\000a\000t\000u\000r\000a\000\050\000\051}{subsection.5.4.4}% 67
\BOOKMARK [2][-]{subsection.5.4.5}{\376\377\0005\000.\0004\000.\0005\000\040\000D\000o\000c\000u\000m\000e\000n\000t\000a\000c\000i\000\363\000n\000\040\000d\000e\000\040\000d\000a\000t\000o\000s\000\040\000m\000i\000e\000m\000b\000r\000o}{section.5.4}% 68
\BOOKMARK [3][-]{subsubsection.5.4.5.1}{\376\377\0005\000.\0004\000.\0005\000.\0001\000\040\000b\000e\000a\000c\000o\000n\000U\000U\000I\000D}{subsection.5.4.5}% 69
\BOOKMARK [3][-]{subsubsection.5.4.5.2}{\376\377\0005\000.\0004\000.\0005\000.\0002\000\040\000l\000a\000E\000m\000i\000s\000o\000r\000a}{subsection.5.4.5}% 70
\BOOKMARK [3][-]{subsubsection.5.4.5.3}{\376\377\0005\000.\0004\000.\0005\000.\0003\000\040\000R\000S\000S\000I}{subsection.5.4.5}% 71
\BOOKMARK [1][-]{section.5.5}{\376\377\0005\000.\0005\000\040\000R\000e\000f\000e\000r\000e\000n\000c\000i\000a\000\040\000d\000e\000\040\000l\000a\000\040\000c\000l\000a\000s\000e\000\040\000P\000u\000e\000r\000t\000o\000S\000e\000r\000i\000e}{chapter.5}% 72
\BOOKMARK [2][-]{subsection.5.5.1}{\376\377\0005\000.\0005\000.\0001\000\040\000D\000e\000s\000c\000r\000i\000p\000c\000i\000\363\000n\000\040\000d\000e\000t\000a\000l\000l\000a\000d\000a}{section.5.5}% 73
\BOOKMARK [2][-]{subsection.5.5.2}{\376\377\0005\000.\0005\000.\0002\000\040\000D\000o\000c\000u\000m\000e\000n\000t\000a\000c\000i\000\363\000n\000\040\000d\000e\000\040\000c\000o\000n\000s\000t\000r\000u\000c\000t\000o\000r\000e\000s\000\040\000y\000\040\000d\000e\000s\000t\000r\000u\000c\000t\000o\000r\000e\000s}{section.5.5}% 74
\BOOKMARK [3][-]{subsubsection.5.5.2.1}{\376\377\0005\000.\0005\000.\0002\000.\0001\000\040\000P\000u\000e\000r\000t\000o\000S\000e\000r\000i\000e\000\050\000\051}{subsection.5.5.2}% 75
\BOOKMARK [2][-]{subsection.5.5.3}{\376\377\0005\000.\0005\000.\0003\000\040\000D\000o\000c\000u\000m\000e\000n\000t\000a\000c\000i\000\363\000n\000\040\000d\000e\000\040\000f\000u\000n\000c\000i\000o\000n\000e\000s\000\040\000m\000i\000e\000m\000b\000r\000o}{section.5.5}% 76
\BOOKMARK [3][-]{subsubsection.5.5.3.1}{\376\377\0005\000.\0005\000.\0003\000.\0001\000\040\000e\000s\000c\000r\000i\000b\000i\000r\000\050\000\051}{subsection.5.5.3}% 77
\BOOKMARK [3][-]{subsubsection.5.5.3.2}{\376\377\0005\000.\0005\000.\0003\000.\0002\000\040\000e\000s\000p\000e\000r\000a\000r\000D\000i\000s\000p\000o\000n\000i\000b\000l\000e\000\050\000\051}{subsection.5.5.3}% 78
\BOOKMARK [1][-]{section.5.6}{\376\377\0005\000.\0006\000\040\000R\000e\000f\000e\000r\000e\000n\000c\000i\000a\000\040\000d\000e\000\040\000l\000a\000\040\000c\000l\000a\000s\000e\000\040\000S\000e\000r\000v\000i\000c\000i\000o\000E\000n\000E\000m\000i\000s\000o\000r\000a}{chapter.5}% 79
\BOOKMARK [2][-]{subsection.5.6.1}{\376\377\0005\000.\0006\000.\0001\000\040\000D\000e\000s\000c\000r\000i\000p\000c\000i\000\363\000n\000\040\000d\000e\000t\000a\000l\000l\000a\000d\000a}{section.5.6}% 80
\BOOKMARK [0][-]{chapter.6}{\376\377\0006\000\040\000D\000o\000c\000u\000m\000e\000n\000t\000a\000c\000i\000\363\000n\000\040\000d\000e\000\040\000a\000r\000c\000h\000i\000v\000o\000s}{}% 81
\BOOKMARK [1][-]{section.6.1}{\376\377\0006\000.\0001\000\040\000R\000e\000f\000e\000r\000e\000n\000c\000i\000a\000\040\000d\000e\000l\000\040\000a\000r\000c\000h\000i\000v\000o\000\040\000H\000o\000l\000a\000M\000u\000n\000d\000o\000I\000B\000e\000a\000c\000o\000n\000/\000E\000m\000i\000s\000o\000r\000a\000B\000L\000E\000.\000h}{chapter.6}% 82
\BOOKMARK [1][-]{section.6.2}{\376\377\0006\000.\0002\000\040\000E\000m\000i\000s\000o\000r\000a\000B\000L\000E\000.\000h}{chapter.6}% 83
\BOOKMARK [1][-]{section.6.3}{\376\377\0006\000.\0003\000\040\000R\000e\000f\000e\000r\000e\000n\000c\000i\000a\000\040\000d\000e\000l\000\040\000a\000r\000c\000h\000i\000v\000o\000\040\000H\000o\000l\000a\000M\000u\000n\000d\000o\000I\000B\000e\000a\000c\000o\000n\000/\000H\000o\000l\000a\000M\000u\000n\000d\000o\000I\000B\000e\000a\000c\000o\000n\000.\000i\000n\000o}{chapter.6}% 84
\BOOKMARK [2][-]{subsection.6.3.1}{\376\377\0006\000.\0003\000.\0001\000\040\000D\000o\000c\000u\000m\000e\000n\000t\000a\000c\000i\000\363\000n\000\040\000d\000e\000\040\000f\000u\000n\000c\000i\000o\000n\000e\000s}{section.6.3}% 85
\BOOKMARK [3][-]{subsubsection.6.3.1.1}{\376\377\0006\000.\0003\000.\0001\000.\0001\000\040\000i\000n\000i\000c\000i\000a\000l\000i\000z\000a\000r\000P\000l\000a\000q\000u\000i\000t\000a\000\050\000\051}{subsection.6.3.1}% 86
\BOOKMARK [3][-]{subsubsection.6.3.1.2}{\376\377\0006\000.\0003\000.\0001\000.\0002\000\040\000l\000o\000o\000p\000\050\000\051}{subsection.6.3.1}% 87
\BOOKMARK [3][-]{subsubsection.6.3.1.3}{\376\377\0006\000.\0003\000.\0001\000.\0003\000\040\000l\000u\000c\000e\000c\000i\000t\000a\000s\000\050\000\051}{subsection.6.3.1}% 88
\BOOKMARK [3][-]{subsubsection.6.3.1.4}{\376\377\0006\000.\0003\000.\0001\000.\0004\000\040\000s\000e\000t\000u\000p\000\050\000\051}{subsection.6.3.1}% 89
\BOOKMARK [1][-]{section.6.4}{\376\377\0006\000.\0004\000\040\000R\000e\000f\000e\000r\000e\000n\000c\000i\000a\000\040\000d\000e\000l\000\040\000a\000r\000c\000h\000i\000v\000o\000\040\000H\000o\000l\000a\000M\000u\000n\000d\000o\000I\000B\000e\000a\000c\000o\000n\000/\000L\000E\000D\000.\000h}{chapter.6}% 90
\BOOKMARK [2][-]{subsection.6.4.1}{\376\377\0006\000.\0004\000.\0001\000\040\000D\000o\000c\000u\000m\000e\000n\000t\000a\000c\000i\000\363\000n\000\040\000d\000e\000\040\000f\000u\000n\000c\000i\000o\000n\000e\000s}{section.6.4}% 91
\BOOKMARK [3][-]{subsubsection.6.4.1.1}{\376\377\0006\000.\0004\000.\0001\000.\0001\000\040\000e\000s\000p\000e\000r\000a\000r\000\050\000\051}{subsection.6.4.1}% 92
\BOOKMARK [1][-]{section.6.5}{\376\377\0006\000.\0005\000\040\000L\000E\000D\000.\000h}{chapter.6}% 93
\BOOKMARK [1][-]{section.6.6}{\376\377\0006\000.\0006\000\040\000R\000e\000f\000e\000r\000e\000n\000c\000i\000a\000\040\000d\000e\000l\000\040\000a\000r\000c\000h\000i\000v\000o\000\040\000H\000o\000l\000a\000M\000u\000n\000d\000o\000I\000B\000e\000a\000c\000o\000n\000/\000M\000e\000d\000i\000d\000o\000r\000.\000h}{chapter.6}% 94
\BOOKMARK [1][-]{section.6.7}{\376\377\0006\000.\0007\000\040\000M\000e\000d\000i\000d\000o\000r\000.\000h}{chapter.6}% 95
\BOOKMARK [1][-]{section.6.8}{\376\377\0006\000.\0008\000\040\000R\000e\000f\000e\000r\000e\000n\000c\000i\000a\000\040\000d\000e\000l\000\040\000a\000r\000c\000h\000i\000v\000o\000\040\000H\000o\000l\000a\000M\000u\000n\000d\000o\000I\000B\000e\000a\000c\000o\000n\000/\000P\000u\000b\000l\000i\000c\000a\000d\000o\000r\000.\000h}{chapter.6}% 96
\BOOKMARK [1][-]{section.6.9}{\376\377\0006\000.\0009\000\040\000P\000u\000b\000l\000i\000c\000a\000d\000o\000r\000.\000h}{chapter.6}% 97
\BOOKMARK [1][-]{section.6.10}{\376\377\0006\000.\0001\0000\000\040\000R\000e\000f\000e\000r\000e\000n\000c\000i\000a\000\040\000d\000e\000l\000\040\000a\000r\000c\000h\000i\000v\000o\000\040\000H\000o\000l\000a\000M\000u\000n\000d\000o\000I\000B\000e\000a\000c\000o\000n\000/\000P\000u\000e\000r\000t\000o\000S\000e\000r\000i\000e\000.\000h}{chapter.6}% 98
\BOOKMARK [1][-]{section.6.11}{\376\377\0006\000.\0001\0001\000\040\000P\000u\000e\000r\000t\000o\000S\000e\000r\000i\000e\000.\000h}{chapter.6}% 99
\BOOKMARK [1][-]{section.6.12}{\376\377\0006\000.\0001\0002\000\040\000R\000e\000f\000e\000r\000e\000n\000c\000i\000a\000\040\000d\000e\000l\000\040\000a\000r\000c\000h\000i\000v\000o\000\040\000H\000o\000l\000a\000M\000u\000n\000d\000o\000I\000B\000e\000a\000c\000o\000n\000/\000S\000e\000r\000v\000i\000c\000i\000o\000E\000n\000E\000m\000i\000s\000o\000r\000a\000.\000h}{chapter.6}% 100
\BOOKMARK [2][-]{subsection.6.12.1}{\376\377\0006\000.\0001\0002\000.\0001\000\040\000D\000o\000c\000u\000m\000e\000n\000t\000a\000c\000i\000\363\000n\000\040\000d\000e\000\040\000f\000u\000n\000c\000i\000o\000n\000e\000s}{section.6.12}% 101
\BOOKMARK [3][-]{subsubsection.6.12.1.1}{\376\377\0006\000.\0001\0002\000.\0001\000.\0001\000\040\000a\000l\000R\000e\000v\000e\000s\000\050\000\051}{subsection.6.12.1}% 102
\BOOKMARK [3][-]{subsubsection.6.12.1.2}{\376\377\0006\000.\0001\0002\000.\0001\000.\0002\000\040\000s\000t\000r\000i\000n\000g\000A\000U\000i\000n\000t\0008\000A\000l\000R\000e\000v\000e\000s\000\050\000\051}{subsection.6.12.1}% 103
\BOOKMARK [1][-]{section.6.13}{\376\377\0006\000.\0001\0003\000\040\000S\000e\000r\000v\000i\000c\000i\000o\000E\000n\000E\000m\000i\000s\000o\000r\000a\000.\000h}{chapter.6}% 104
\BOOKMARK [0][-]{section*.62}{\376\377\000\315\000n\000d\000i\000c\000e\000\040\000a\000l\000f\000a\000b\000\351\000t\000i\000c\000o}{}% 105
